<?xml version="1.0" encoding="UTF-8"?>
<!-- Generated by org.testng.reporters.JUnitXMLReporter -->
<testsuite hostname="LAPTOP-O7BRKD6N" ignored="12" name="GroupExecution" tests="6" failures="0" timestamp="2022-04-28T12:05:43 IST" time="0.091" errors="0">
  <testcase name="st1" time="0.0" classname="TestNGFlags.Group"/>
  <testcase name="st2" time="0.0" classname="TestNGFlags.Group"/>
  <testcase name="st3" time="0.0" classname="TestNGFlags.Group"/>
  <testcase name="st4" time="0.0" classname="TestNGFlags.Group"/>
  <testcase name="st5" time="0.0" classname="TestNGFlags.Group"/>
  <testcase name="st6" time="0.0" classname="TestNGFlags.Group"/>
  <testcase name="ft1" time="0.0" classname="TestNGFlags.Group">
    <ignored/>
  </testcase> <!-- ft1 -->
  <testcase name="it1" time="0.0" classname="TestNGFlags.Group">
    <ignored/>
  </testcase> <!-- it1 -->
  <testcase name="ft4" time="0.0" classname="TestNGFlags.Group">
    <ignored/>
  </testcase> <!-- ft4 -->
  <testcase name="ft2" time="0.0" classname="TestNGFlags.Group">
    <ignored/>
  </testcase> <!-- ft2 -->
  <testcase name="it2" time="0.0" classname="TestNGFlags.Group">
    <ignored/>
  </testcase> <!-- it2 -->
  <testcase name="ft5" time="0.0" classname="TestNGFlags.Group">
    <ignored/>
  </testcase> <!-- ft5 -->
  <testcase name="it5" time="0.0" classname="TestNGFlags.Group">
    <ignored/>
  </testcase> <!-- it5 -->
  <testcase name="ft3" time="0.0" classname="TestNGFlags.Group">
    <ignored/>
  </testcase> <!-- ft3 -->
  <testcase name="it3" time="0.0" classname="TestNGFlags.Group">
    <ignored/>
  </testcase> <!-- it3 -->
  <testcase name="ft6" time="0.0" classname="TestNGFlags.Group">
    <ignored/>
  </testcase> <!-- ft6 -->
  <testcase name="it6" time="0.0" classname="TestNGFlags.Group">
    <ignored/>
  </testcase> <!-- it6 -->
  <testcase name="it4" time="0.0" classname="TestNGFlags.Group">
    <ignored/>
  </testcase> <!-- it4 -->
</testsuite> <!-- GroupExecution -->
