<?xml version="1.0" encoding="UTF-8"?>
<!-- Generated by org.testng.reporters.JUnitXMLReporter -->
<testsuite hostname="LAPTOP-O7BRKD6N" ignored="0" name="Test1" tests="18" failures="0" timestamp="2021-11-10T22:05:02 IST" time="0.095" errors="0">
  <testcase name="ft1" time="0.01" classname="TestNGFlags.Group"/>
  <testcase name="ft2" time="0.002" classname="TestNGFlags.Group"/>
  <testcase name="ft3" time="0.001" classname="TestNGFlags.Group"/>
  <testcase name="ft4" time="0.006" classname="TestNGFlags.Group"/>
  <testcase name="ft5" time="0.007" classname="TestNGFlags.Group"/>
  <testcase name="ft6" time="0.002" classname="TestNGFlags.Group"/>
  <testcase name="it1" time="0.004" classname="TestNGFlags.Group"/>
  <testcase name="it2" time="0.002" classname="TestNGFlags.Group"/>
  <testcase name="it3" time="0.002" classname="TestNGFlags.Group"/>
  <testcase name="it4" time="0.001" classname="TestNGFlags.Group"/>
  <testcase name="it5" time="0.001" classname="TestNGFlags.Group"/>
  <testcase name="it6" time="0.003" classname="TestNGFlags.Group"/>
  <testcase name="st1" time="0.001" classname="TestNGFlags.Group"/>
  <testcase name="st2" time="0.003" classname="TestNGFlags.Group"/>
  <testcase name="st3" time="0.0" classname="TestNGFlags.Group"/>
  <testcase name="st4" time="0.001" classname="TestNGFlags.Group"/>
  <testcase name="st5" time="0.001" classname="TestNGFlags.Group"/>
  <testcase name="st6" time="0.0" classname="TestNGFlags.Group"/>
</testsuite> <!-- Test1 -->
