<?xml version="1.0" encoding="UTF-8"?>
<!-- Generated by org.testng.reporters.JUnitXMLReporter -->
<testsuite hostname="LAPTOP-O7BRKD6N" ignored="0" name="Test" tests="3" failures="0" timestamp="2022-09-07T16:14:56 IST" time="16.799" errors="0">
  <testcase name="google3" time="16.116" classname="ParallelExecution.Class3"/>
  <testcase name="google2" time="16.464" classname="ParallelExecution.Class2"/>
  <testcase name="google1" time="16.741" classname="ParallelExecution.Class1"/>
</testsuite> <!-- Test -->
