<?xml version="1.0" encoding="UTF-8"?>
<testng-results skipped="0" failed="0" ignored="0" total="3" passed="3">
  <reporter-output>
  </reporter-output>
  <suite name="Suite" duration-ms="16799" started-at="2022-09-07T16:14:39 IST" finished-at="2022-09-07T16:14:56 IST">
    <groups>
    </groups>
    <test name="Test" duration-ms="16799" started-at="2022-09-07T16:14:39 IST" finished-at="2022-09-07T16:14:56 IST">
      <class name="ParallelExecution.Class2">
        <test-method status="PASS" signature="google2()[pri:0, instance:ParallelExecution.Class2@e320068]" name="google2" duration-ms="16464" started-at="2022-09-07T16:14:39 IST" finished-at="2022-09-07T16:14:56 IST">
          <reporter-output>
          </reporter-output>
        </test-method> <!-- google2 -->
      </class> <!-- ParallelExecution.Class2 -->
      <class name="ParallelExecution.Class1">
        <test-method status="PASS" signature="google1()[pri:0, instance:ParallelExecution.Class1@15d0c81b]" name="google1" duration-ms="16741" started-at="2022-09-07T16:14:39 IST" finished-at="2022-09-07T16:14:56 IST">
          <reporter-output>
          </reporter-output>
        </test-method> <!-- google1 -->
      </class> <!-- ParallelExecution.Class1 -->
      <class name="ParallelExecution.Class3">
        <test-method status="PASS" signature="google3()[pri:0, instance:ParallelExecution.Class3@1f57539]" name="google3" duration-ms="16116" started-at="2022-09-07T16:14:39 IST" finished-at="2022-09-07T16:14:55 IST">
          <reporter-output>
          </reporter-output>
        </test-method> <!-- google3 -->
      </class> <!-- ParallelExecution.Class3 -->
    </test> <!-- Test -->
  </suite> <!-- Suite -->
</testng-results>
