<?xml version="1.0" encoding="UTF-8"?>
<!-- Generated by org.testng.reporters.JUnitXMLReporter -->
<testsuite hostname="LAPTOP-O7BRKD6N" ignored="2" name="Default test(failed)" tests="1" failures="1" timestamp="2021-11-08T09:30:33 IST" time="0.045" errors="0">
  <testcase name="login" time="0.0" classname="testng.Demo">
    <failure type="java.lang.ArithmeticException" message="/ by zero">
      <![CDATA[java.lang.ArithmeticException: / by zero
at testng.Demo.login(Demo.java:10)
at java.util.ArrayList.forEach(ArrayList.java:1257)
... Removed 27 stack frames]]>
    </failure>
  </testcase> <!-- login -->
  <testcase name="logout" time="0.0" classname="testng.Demo">
    <ignored/>
  </testcase> <!-- logout -->
  <testcase name="action" time="0.0" classname="testng.Demo">
    <ignored/>
  </testcase> <!-- action -->
</testsuite> <!-- Default test(failed) -->
