<?xml version="1.0" encoding="UTF-8"?>
<!-- Generated by org.testng.reporters.JUnitXMLReporter -->
<testsuite hostname="LAPTOP-O7BRKD6N" ignored="2" name="Default test(failed)(failed)" tests="1" failures="0" timestamp="2021-11-08T09:32:00 IST" time="0.047" errors="0">
  <testcase name="login" time="0.008" classname="testng.Demo"/>
  <testcase name="logout" time="0.0" classname="testng.Demo">
    <ignored/>
  </testcase> <!-- logout -->
  <testcase name="action" time="0.0" classname="testng.Demo">
    <ignored/>
  </testcase> <!-- action -->
</testsuite> <!-- Default test(failed)(failed) -->
